<?xml version="1.0" encoding="UTF-8"?>
<!-- Generated by org.testng.reporters.JUnitXMLReporter -->
<testsuite ignored="5" hostname="L-270331" failures="0" tests="7" name="Default test" time="16.29" errors="0" timestamp="2024-01-17T10:48:03 IST">
  <testcase classname="PGHLtestClass.Logintest" name="mobileNumber" time="1.798"/>
  <testcase classname="PGHLtestClass.Logintest" name="mobileNumber" time="0.692"/>
  <testcase classname="PGHLtestClass.Logintest" name="mobileNumber" time="0.674"/>
  <testcase classname="PGHLtestClass.Logintest" name="mobileNumber" time="1.209"/>
  <testcase classname="PGHLtestClass.Logintest" name="mobileNumber" time="0.205"/>
  <testcase classname="PGHLtestClass.Logintest" name="mobileNumber" time="0.703"/>
  <testcase classname="PGHLtestClass.Logintest" name="mobileNumber" time="1.756"/>
  <testcase classname="PGHLtestClass.Logintest" name="DistributorNo" time="0.0">
    <ignored/>
  </testcase> <!-- DistributorNo -->
  <testcase classname="PGHLtestClass.Logintest" name="sendOTP" time="0.0">
    <ignored/>
  </testcase> <!-- sendOTP -->
  <testcase classname="PGHLtestClass.Logintest" name="enterOTP" time="0.0">
    <ignored/>
  </testcase> <!-- enterOTP -->
  <testcase classname="PGHLtestClass.Logintest" name="resendOTP" time="0.0">
    <ignored/>
  </testcase> <!-- resendOTP -->
  <testcase classname="PGHLtestClass.Logintest" name="submit" time="0.0">
    <ignored/>
  </testcase> <!-- submit -->
</testsuite> <!-- Default test -->
