<?xml version="1.0" encoding="UTF-8"?>
<!-- Generated by org.testng.reporters.JUnitXMLReporter -->
<testsuite ignored="0" hostname="L-270331" failures="1" tests="17" name="Test" time="75.778" errors="0" timestamp="2023-11-03T10:29:24 IST">
  <testcase classname="SomanyTestClass.loginTest" name="DistributorNo" time="0.0">
    <failure type="org.testng.TestNGException" message="
Parameter &amp;apos;User&amp;apos; is required by @Test on method DistributorNo but has not been marked @Optional or defined
in C:\Users\kaushal.golangade\eclipse-workspace\Somany\testng.xml">
      <![CDATA[org.testng.TestNGException: 
Parameter 'User' is required by @Test on method DistributorNo but has not been marked @Optional or defined
in C:\Users\kaushal.golangade\eclipse-workspace\Somany\testng.xml
at java.base/java.util.ArrayList.forEach(ArrayList.java:1511)
... Removed 26 stack frames]]>
    </failure>
  </testcase> <!-- DistributorNo -->
  <testcase classname="SomanyTestClass.loginTest" name="mobileNumber" time="7.449"/>
  <testcase classname="SomanyTestClass.loginTest" name="mobileNumber" time="7.078"/>
  <testcase classname="SomanyTestClass.loginTest" name="mobileNumber" time="7.056"/>
  <testcase classname="SomanyTestClass.loginTest" name="mobileNumber" time="7.03"/>
  <testcase classname="SomanyTestClass.loginTest" name="mobileNumber" time="7.025"/>
  <testcase classname="SomanyTestClass.loginTest" name="mobileNumber" time="7.554"/>
  <testcase classname="SomanyTestClass.loginTest" name="mobileNumber" time="6.98"/>
  <testcase classname="SomanyTestClass.loginTest" name="sendOTP" time="0.007"/>
  <testcase classname="SomanyTestClass.loginTest" name="enterOTP" time="3.145"/>
  <testcase classname="SomanyTestClass.loginTest" name="enterOTP" time="2.646"/>
  <testcase classname="SomanyTestClass.loginTest" name="enterOTP" time="2.546"/>
  <testcase classname="SomanyTestClass.loginTest" name="enterOTP" time="2.576"/>
  <testcase classname="SomanyTestClass.loginTest" name="enterOTP" time="2.59"/>
  <testcase classname="SomanyTestClass.loginTest" name="enterOTP" time="2.564"/>
  <testcase classname="SomanyTestClass.loginTest" name="submit" time="0.006"/>
  <testcase classname="SomanyTestClass.loginTest" name="resendOTP" time="0.591"/>
</testsuite> <!-- Test -->
