<?xml version="1.0" encoding="UTF-8"?>
<!-- Generated by org.testng.reporters.JUnitXMLReporter -->
<testsuite ignored="6" hostname="L-270331" failures="0" tests="30" name="TestRun1" time="148.299" errors="0" timestamp="2023-11-03T10:39:39 IST">
  <testcase classname="SomanyTestClass.loginTest" name="mobileNumber" time="7.144"/>
  <testcase classname="SomanyTestClass.loginTest" name="mobileNumber" time="7.021"/>
  <testcase classname="SomanyTestClass.loginTest" name="mobileNumber" time="7.541"/>
  <testcase classname="SomanyTestClass.loginTest" name="mobileNumber" time="6.894"/>
  <testcase classname="SomanyTestClass.loginTest" name="mobileNumber" time="7.012"/>
  <testcase classname="SomanyTestClass.loginTest" name="mobileNumber" time="7.797"/>
  <testcase classname="SomanyTestClass.loginTest" name="mobileNumber" time="6.993"/>
  <testcase classname="SomanyTestClass.loginTest" name="sendOTP" time="0.005"/>
  <testcase classname="SomanyTestClass.loginTest" name="enterOTP" time="3.17"/>
  <testcase classname="SomanyTestClass.loginTest" name="enterOTP" time="2.565"/>
  <testcase classname="SomanyTestClass.loginTest" name="enterOTP" time="2.556"/>
  <testcase classname="SomanyTestClass.loginTest" name="enterOTP" time="2.599"/>
  <testcase classname="SomanyTestClass.loginTest" name="enterOTP" time="2.532"/>
  <testcase classname="SomanyTestClass.loginTest" name="enterOTP" time="2.574"/>
  <testcase classname="SomanyTestClass.loginTest" name="submit" time="0.008"/>
  <testcase classname="SomanyTestClass.loginTest" name="resendOTP" time="0.576"/>
  <testcase classname="SomanyTestClass.TransactionTestPage" name="transaction" time="1.414"/>
  <testcase classname="SomanyTestClass.TransactionTestPage" name="Add_Transaction" time="0.944"/>
  <testcase classname="SomanyTestClass.TransactionTestPage" name="Retailer_Name" time="9.197"/>
  <testcase classname="SomanyTestClass.TransactionTestPage" name="Distributor_Name" time="3.679"/>
  <testcase classname="SomanyTestClass.TransactionTestPage" name="Invoice_Date" time="2.096"/>
  <testcase classname="SomanyTestClass.TransactionTestPage" name="Invoice_DateEdite" time="4.77"/>
  <testcase classname="SomanyTestClass.TransactionTestPage" name="Invoice_Number" time="4.604"/>
  <testcase classname="SomanyTestClass.TransactionTestPage" name="tapOnScreen" time="6.533"/>
  <testcase classname="SomanyTestClass.TransactionTestPage" name="Image" time="7.785"/>
  <testcase classname="SomanyTestClass.TransactionTestPage" name="Pre_GST_invoice_amount" time="2.807"/>
  <testcase classname="SomanyTestClass.TransactionTestPage" name="submit" time="0.085"/>
  <testcase classname="SomanyTestClass.TransactionTestPage" name="Back" time="18.234"/>
  <testcase classname="SomanyTestClass.TransactionTestPage" name="side_menu" time="0.977"/>
  <testcase classname="SomanyTestClass.TransactionTestPage" name="Logout" time="0.945"/>
  <testcase classname="SomanyTestClass.TransactionTestPage" name="action" time="0.0">
    <ignored/>
  </testcase> <!-- action -->
  <testcase classname="SomanyTestClass.loginTest" name="DistributorNo" time="0.0">
    <ignored/>
  </testcase> <!-- DistributorNo -->
  <testcase classname="SomanyTestClass.TransactionTestPage" name="Pending_Transactions" time="0.0">
    <ignored/>
  </testcase> <!-- Pending_Transactions -->
  <testcase classname="SomanyTestClass.TransactionTestPage" name="approve" time="0.0">
    <ignored/>
  </testcase> <!-- approve -->
  <testcase classname="SomanyTestClass.TransactionTestPage" name="cancle" time="0.0">
    <ignored/>
  </testcase> <!-- cancle -->
  <testcase classname="SomanyTestClass.TransactionTestPage" name="reject" time="0.0">
    <ignored/>
  </testcase> <!-- reject -->
</testsuite> <!-- TestRun1 -->
