<?xml version="1.0" encoding="UTF-8"?>
<!-- Generated by org.testng.reporters.JUnitXMLReporter -->
<testsuite ignored="14" hostname="L-270331" failures="0" tests="16" name="TestRun4" time="72.157" errors="0" timestamp="2023-11-03T10:43:02 IST">
  <testcase classname="SomanyTestClass.loginTest" name="DistributorNo" time="7.062"/>
  <testcase classname="SomanyTestClass.loginTest" name="sendOTP" time="0.003"/>
  <testcase classname="SomanyTestClass.loginTest" name="enterOTP" time="3.057"/>
  <testcase classname="SomanyTestClass.loginTest" name="enterOTP" time="2.601"/>
  <testcase classname="SomanyTestClass.loginTest" name="enterOTP" time="2.588"/>
  <testcase classname="SomanyTestClass.loginTest" name="enterOTP" time="2.586"/>
  <testcase classname="SomanyTestClass.loginTest" name="enterOTP" time="2.574"/>
  <testcase classname="SomanyTestClass.loginTest" name="enterOTP" time="2.551"/>
  <testcase classname="SomanyTestClass.loginTest" name="submit" time="0.003"/>
  <testcase classname="SomanyTestClass.loginTest" name="resendOTP" time="0.607"/>
  <testcase classname="SomanyTestClass.TransactionTestPage" name="Pending_Transactions" time="1.032"/>
  <testcase classname="SomanyTestClass.TransactionTestPage" name="action" time="9.634"/>
  <testcase classname="SomanyTestClass.TransactionTestPage" name="approve" time="8.637"/>
  <testcase classname="SomanyTestClass.TransactionTestPage" name="Back" time="11.931"/>
  <testcase classname="SomanyTestClass.TransactionTestPage" name="side_menu" time="1.098"/>
  <testcase classname="SomanyTestClass.TransactionTestPage" name="Logout" time="0.942"/>
  <testcase classname="SomanyTestClass.TransactionTestPage" name="cancle" time="0.0">
    <ignored/>
  </testcase> <!-- cancle -->
  <testcase classname="SomanyTestClass.TransactionTestPage" name="Distributor_Name" time="0.0">
    <ignored/>
  </testcase> <!-- Distributor_Name -->
  <testcase classname="SomanyTestClass.loginTest" name="mobileNumber" time="0.0">
    <ignored/>
  </testcase> <!-- mobileNumber -->
  <testcase classname="SomanyTestClass.TransactionTestPage" name="tapOnScreen" time="0.0">
    <ignored/>
  </testcase> <!-- tapOnScreen -->
  <testcase classname="SomanyTestClass.TransactionTestPage" name="reject" time="0.0">
    <ignored/>
  </testcase> <!-- reject -->
  <testcase classname="SomanyTestClass.TransactionTestPage" name="Invoice_DateEdite" time="0.0">
    <ignored/>
  </testcase> <!-- Invoice_DateEdite -->
  <testcase classname="SomanyTestClass.TransactionTestPage" name="Pre_GST_invoice_amount" time="0.0">
    <ignored/>
  </testcase> <!-- Pre_GST_invoice_amount -->
  <testcase classname="SomanyTestClass.TransactionTestPage" name="submit" time="0.0">
    <ignored/>
  </testcase> <!-- submit -->
  <testcase classname="SomanyTestClass.TransactionTestPage" name="Invoice_Number" time="0.0">
    <ignored/>
  </testcase> <!-- Invoice_Number -->
  <testcase classname="SomanyTestClass.TransactionTestPage" name="Invoice_Date" time="0.0">
    <ignored/>
  </testcase> <!-- Invoice_Date -->
  <testcase classname="SomanyTestClass.TransactionTestPage" name="transaction" time="0.0">
    <ignored/>
  </testcase> <!-- transaction -->
  <testcase classname="SomanyTestClass.TransactionTestPage" name="Image" time="0.0">
    <ignored/>
  </testcase> <!-- Image -->
  <testcase classname="SomanyTestClass.TransactionTestPage" name="Add_Transaction" time="0.0">
    <ignored/>
  </testcase> <!-- Add_Transaction -->
  <testcase classname="SomanyTestClass.TransactionTestPage" name="Retailer_Name" time="0.0">
    <ignored/>
  </testcase> <!-- Retailer_Name -->
</testsuite> <!-- TestRun4 -->
