<?xml version="1.0" encoding="UTF-8"?>
<!-- Generated by org.testng.reporters.JUnitXMLReporter -->
<testsuite ignored="14" hostname="L-270331" failures="0" tests="16" name="TestRun3" time="69.221" errors="0" timestamp="2023-11-03T10:41:50 IST">
  <testcase classname="SomanyTestClass.loginTest" name="DistributorNo" time="7.072"/>
  <testcase classname="SomanyTestClass.loginTest" name="sendOTP" time="0.005"/>
  <testcase classname="SomanyTestClass.loginTest" name="enterOTP" time="3.046"/>
  <testcase classname="SomanyTestClass.loginTest" name="enterOTP" time="3.058"/>
  <testcase classname="SomanyTestClass.loginTest" name="enterOTP" time="2.203"/>
  <testcase classname="SomanyTestClass.loginTest" name="enterOTP" time="2.514"/>
  <testcase classname="SomanyTestClass.loginTest" name="enterOTP" time="2.654"/>
  <testcase classname="SomanyTestClass.loginTest" name="enterOTP" time="2.599"/>
  <testcase classname="SomanyTestClass.loginTest" name="submit" time="0.004"/>
  <testcase classname="SomanyTestClass.loginTest" name="resendOTP" time="0.596"/>
  <testcase classname="SomanyTestClass.TransactionTestPage" name="Pending_Transactions" time="1.023"/>
  <testcase classname="SomanyTestClass.TransactionTestPage" name="action" time="8.36"/>
  <testcase classname="SomanyTestClass.TransactionTestPage" name="approve" time="8.361"/>
  <testcase classname="SomanyTestClass.TransactionTestPage" name="Back" time="9.863"/>
  <testcase classname="SomanyTestClass.TransactionTestPage" name="side_menu" time="1.595"/>
  <testcase classname="SomanyTestClass.TransactionTestPage" name="Logout" time="0.948"/>
  <testcase classname="SomanyTestClass.TransactionTestPage" name="transaction" time="0.0">
    <ignored/>
  </testcase> <!-- transaction -->
  <testcase classname="SomanyTestClass.loginTest" name="mobileNumber" time="0.0">
    <ignored/>
  </testcase> <!-- mobileNumber -->
  <testcase classname="SomanyTestClass.TransactionTestPage" name="Invoice_Date" time="0.0">
    <ignored/>
  </testcase> <!-- Invoice_Date -->
  <testcase classname="SomanyTestClass.TransactionTestPage" name="Distributor_Name" time="0.0">
    <ignored/>
  </testcase> <!-- Distributor_Name -->
  <testcase classname="SomanyTestClass.TransactionTestPage" name="Retailer_Name" time="0.0">
    <ignored/>
  </testcase> <!-- Retailer_Name -->
  <testcase classname="SomanyTestClass.TransactionTestPage" name="Pre_GST_invoice_amount" time="0.0">
    <ignored/>
  </testcase> <!-- Pre_GST_invoice_amount -->
  <testcase classname="SomanyTestClass.TransactionTestPage" name="reject" time="0.0">
    <ignored/>
  </testcase> <!-- reject -->
  <testcase classname="SomanyTestClass.TransactionTestPage" name="tapOnScreen" time="0.0">
    <ignored/>
  </testcase> <!-- tapOnScreen -->
  <testcase classname="SomanyTestClass.TransactionTestPage" name="Add_Transaction" time="0.0">
    <ignored/>
  </testcase> <!-- Add_Transaction -->
  <testcase classname="SomanyTestClass.TransactionTestPage" name="Image" time="0.0">
    <ignored/>
  </testcase> <!-- Image -->
  <testcase classname="SomanyTestClass.TransactionTestPage" name="submit" time="0.0">
    <ignored/>
  </testcase> <!-- submit -->
  <testcase classname="SomanyTestClass.TransactionTestPage" name="Invoice_Number" time="0.0">
    <ignored/>
  </testcase> <!-- Invoice_Number -->
  <testcase classname="SomanyTestClass.TransactionTestPage" name="cancle" time="0.0">
    <ignored/>
  </testcase> <!-- cancle -->
  <testcase classname="SomanyTestClass.TransactionTestPage" name="Invoice_DateEdite" time="0.0">
    <ignored/>
  </testcase> <!-- Invoice_DateEdite -->
</testsuite> <!-- TestRun3 -->
