<?xml version="1.0" encoding="UTF-8"?>
<!-- Generated by org.testng.reporters.JUnitXMLReporter -->
<testsuite ignored="14" hostname="L-270331" failures="0" tests="16" name="TestRun2" time="61.555" errors="0" timestamp="2023-11-03T10:40:40 IST">
  <testcase classname="SomanyTestClass.loginTest" name="DistributorNo" time="7.145"/>
  <testcase classname="SomanyTestClass.loginTest" name="sendOTP" time="0.005"/>
  <testcase classname="SomanyTestClass.loginTest" name="enterOTP" time="3.072"/>
  <testcase classname="SomanyTestClass.loginTest" name="enterOTP" time="2.5"/>
  <testcase classname="SomanyTestClass.loginTest" name="enterOTP" time="2.596"/>
  <testcase classname="SomanyTestClass.loginTest" name="enterOTP" time="2.524"/>
  <testcase classname="SomanyTestClass.loginTest" name="enterOTP" time="2.538"/>
  <testcase classname="SomanyTestClass.loginTest" name="enterOTP" time="2.612"/>
  <testcase classname="SomanyTestClass.loginTest" name="submit" time="0.004"/>
  <testcase classname="SomanyTestClass.loginTest" name="resendOTP" time="0.583"/>
  <testcase classname="SomanyTestClass.TransactionTestPage" name="Pending_Transactions" time="1.513"/>
  <testcase classname="SomanyTestClass.TransactionTestPage" name="action" time="5.32"/>
  <testcase classname="SomanyTestClass.TransactionTestPage" name="approve" time="6.259"/>
  <testcase classname="SomanyTestClass.TransactionTestPage" name="Back" time="7.766"/>
  <testcase classname="SomanyTestClass.TransactionTestPage" name="side_menu" time="1.01"/>
  <testcase classname="SomanyTestClass.TransactionTestPage" name="Logout" time="0.897"/>
  <testcase classname="SomanyTestClass.TransactionTestPage" name="submit" time="0.0">
    <ignored/>
  </testcase> <!-- submit -->
  <testcase classname="SomanyTestClass.TransactionTestPage" name="Invoice_Number" time="0.0">
    <ignored/>
  </testcase> <!-- Invoice_Number -->
  <testcase classname="SomanyTestClass.loginTest" name="mobileNumber" time="0.0">
    <ignored/>
  </testcase> <!-- mobileNumber -->
  <testcase classname="SomanyTestClass.TransactionTestPage" name="Invoice_Date" time="0.0">
    <ignored/>
  </testcase> <!-- Invoice_Date -->
  <testcase classname="SomanyTestClass.TransactionTestPage" name="tapOnScreen" time="0.0">
    <ignored/>
  </testcase> <!-- tapOnScreen -->
  <testcase classname="SomanyTestClass.TransactionTestPage" name="reject" time="0.0">
    <ignored/>
  </testcase> <!-- reject -->
  <testcase classname="SomanyTestClass.TransactionTestPage" name="Invoice_DateEdite" time="0.0">
    <ignored/>
  </testcase> <!-- Invoice_DateEdite -->
  <testcase classname="SomanyTestClass.TransactionTestPage" name="Pre_GST_invoice_amount" time="0.0">
    <ignored/>
  </testcase> <!-- Pre_GST_invoice_amount -->
  <testcase classname="SomanyTestClass.TransactionTestPage" name="cancle" time="0.0">
    <ignored/>
  </testcase> <!-- cancle -->
  <testcase classname="SomanyTestClass.TransactionTestPage" name="Add_Transaction" time="0.0">
    <ignored/>
  </testcase> <!-- Add_Transaction -->
  <testcase classname="SomanyTestClass.TransactionTestPage" name="Distributor_Name" time="0.0">
    <ignored/>
  </testcase> <!-- Distributor_Name -->
  <testcase classname="SomanyTestClass.TransactionTestPage" name="transaction" time="0.0">
    <ignored/>
  </testcase> <!-- transaction -->
  <testcase classname="SomanyTestClass.TransactionTestPage" name="Image" time="0.0">
    <ignored/>
  </testcase> <!-- Image -->
  <testcase classname="SomanyTestClass.TransactionTestPage" name="Retailer_Name" time="0.0">
    <ignored/>
  </testcase> <!-- Retailer_Name -->
</testsuite> <!-- TestRun2 -->
