<?xml version="1.0" encoding="UTF-8"?>
<!-- Generated by org.testng.reporters.JUnitXMLReporter -->
<testsuite ignored="1" hostname="L-270331" failures="0" tests="16" name="TestRun1" time="91.586" errors="0" timestamp="2024-01-17T12:18:26 IST">
  <testcase classname="PGHLtestClass.Logintest" name="mobileNumber" time="8.877"/>
  <testcase classname="PGHLtestClass.Logintest" name="mobileNumber" time="8.837"/>
  <testcase classname="PGHLtestClass.Logintest" name="mobileNumber" time="8.986"/>
  <testcase classname="PGHLtestClass.Logintest" name="mobileNumber" time="8.767"/>
  <testcase classname="PGHLtestClass.Logintest" name="mobileNumber" time="8.422"/>
  <testcase classname="PGHLtestClass.Logintest" name="mobileNumber" time="8.944"/>
  <testcase classname="PGHLtestClass.Logintest" name="mobileNumber" time="8.535"/>
  <testcase classname="PGHLtestClass.Logintest" name="sendOTP" time="0.002"/>
  <testcase classname="PGHLtestClass.Logintest" name="enterOTP" time="3.801"/>
  <testcase classname="PGHLtestClass.Logintest" name="enterOTP" time="3.358"/>
  <testcase classname="PGHLtestClass.Logintest" name="enterOTP" time="3.762"/>
  <testcase classname="PGHLtestClass.Logintest" name="enterOTP" time="3.135"/>
  <testcase classname="PGHLtestClass.Logintest" name="enterOTP" time="3.363"/>
  <testcase classname="PGHLtestClass.Logintest" name="enterOTP" time="3.436"/>
  <testcase classname="PGHLtestClass.Logintest" name="submit" time="0.007"/>
  <testcase classname="PGHLtestClass.Logintest" name="resendOTP" time="1.126"/>
  <testcase classname="PGHLtestClass.Logintest" name="DistributorNo" time="0.0">
    <ignored/>
  </testcase> <!-- DistributorNo -->
</testsuite> <!-- TestRun1 -->
