<?xml version="1.0" encoding="UTF-8"?>
<!-- Generated by org.testng.reporters.JUnitXMLReporter -->
<testsuite ignored="6" hostname="L-270331" failures="0" tests="26" name="Test" time="99.926" errors="0" timestamp="2024-01-17T09:34:17 IST">
  <testcase classname="PGHLtestClass.Logintest" name="mobileNumber" time="7.793"/>
  <testcase classname="PGHLtestClass.Logintest" name="sendOTP" time="0.009"/>
  <testcase classname="PGHLtestClass.Logintest" name="enterOTP" time="3.836"/>
  <testcase classname="PGHLtestClass.Logintest" name="submit" time="0.006"/>
  <testcase classname="PGHLtestClass.Logintest" name="resendOTP" time="1.051"/>
  <testcase classname="PGHLtestClass.TransactionTestPage" name="transaction" time="2.366"/>
  <testcase classname="PGHLtestClass.TransactionTestPage" name="Add_Transaction" time="0.653"/>
  <testcase classname="PGHLtestClass.TransactionTestPage" name="Retailer_Name" time="10.444"/>
  <testcase classname="PGHLtestClass.TransactionTestPage" name="Distributor_Name" time="6.365"/>
  <testcase classname="PGHLtestClass.TransactionTestPage" name="Invoice_Date" time="2.757"/>
  <testcase classname="PGHLtestClass.TransactionTestPage" name="Invoice_DateEdite" time="3.021"/>
  <testcase classname="PGHLtestClass.TransactionTestPage" name="products" time="3.883"/>
  <testcase classname="PGHLtestClass.TransactionTestPage" name="selectproduct" time="6.498"/>
  <testcase classname="PGHLtestClass.TransactionTestPage" name="MRP" time="0.121"/>
  <testcase classname="PGHLtestClass.TransactionTestPage" name="Strips" time="2.771"/>
  <testcase classname="PGHLtestClass.TransactionTestPage" name="priseToRetailer" time="4.888"/>
  <testcase classname="PGHLtestClass.TransactionTestPage" name="subtotal" time="0.14"/>
  <testcase classname="PGHLtestClass.TransactionTestPage" name="ValidationStripsPrice" time="2.422"/>
  <testcase classname="PGHLtestClass.TransactionTestPage" name="save_product" time="1.041"/>
  <testcase classname="PGHLtestClass.TransactionTestPage" name="invoiceImage" time="4.07"/>
  <testcase classname="PGHLtestClass.TransactionTestPage" name="image" time="0.661"/>
  <testcase classname="PGHLtestClass.TransactionTestPage" name="ScrollToInvoiceNumber" time="8.348"/>
  <testcase classname="PGHLtestClass.TransactionTestPage" name="submit" time="1.01"/>
  <testcase classname="PGHLtestClass.TransactionTestPage" name="Back" time="3.026"/>
  <testcase classname="PGHLtestClass.TransactionTestPage" name="side_menu" time="0.985"/>
  <testcase classname="PGHLtestClass.TransactionTestPage" name="Logout" time="0.106"/>
  <testcase classname="PGHLtestClass.TransactionTestPage" name="reject" time="0.0">
    <ignored/>
  </testcase> <!-- reject -->
  <testcase classname="PGHLtestClass.TransactionTestPage" name="approve" time="0.0">
    <ignored/>
  </testcase> <!-- approve -->
  <testcase classname="PGHLtestClass.Logintest" name="DistributorNo" time="0.0">
    <ignored/>
  </testcase> <!-- DistributorNo -->
  <testcase classname="PGHLtestClass.TransactionTestPage" name="cancle" time="0.0">
    <ignored/>
  </testcase> <!-- cancle -->
  <testcase classname="PGHLtestClass.TransactionTestPage" name="action" time="0.0">
    <ignored/>
  </testcase> <!-- action -->
  <testcase classname="PGHLtestClass.TransactionTestPage" name="Pending_Transactions" time="0.0">
    <ignored/>
  </testcase> <!-- Pending_Transactions -->
</testsuite> <!-- Test -->
